#
# A fatal error has been detected by the Java Runtime Environment:
#
#  EXCEPTION_ACCESS_VIOLATION (0xc0000005) at pc=0x0000000000000000, pid=2372, tid=0x0000000000001b90
#
# JRE version: Java(TM) SE Runtime Environment (8.0_111-b14) (build 1.8.0_111-b14)
# Java VM: Java HotSpot(TM) 64-Bit Server VM (25.111-b14 mixed mode windows-amd64 compressed oops)
# Problematic frame:
# C  0x0000000000000000
#
# Failed to write core dump. Minidumps are not enabled by default on client versions of Windows
#
# If you would like to submit a bug report, please visit:
#   http://bugreport.java.com/bugreport/crash.jsp
# The crash happened outside the Java Virtual Machine in native code.
# See problematic frame for where to report the bug.
#

---------------  T H R E A D  ---------------

Current thread (0x000000001776b000):  JavaThread "AWT-Windows" daemon [_thread_in_native, id=7056, stack(0x0000000017fd0000,0x00000000180d0000)]

siginfo: ExceptionCode=0xc0000005, ExceptionInformation=0x0000000000000008 0x0000000000000000

Registers:
RAX=0x000000001c5cfc30, RBX=0x0000000000000000, RCX=0x000000001c5eaa88, RDX=0x000000001c5f9b30
RSP=0x00000000180cec08, RBP=0x0000000000000400, RSI=0x000000001c5f9b30, RDI=0x000000001c5e9e18
R8 =0x0000000000000000, R9 =0x0000000000000000, R10=0x0000000001718440, R11=0x0000000000000246
R12=0x0000000000000000, R13=0x00007ffee74a9740, R14=0x0000000000000000, R15=0x0000000000000400
RIP=0x0000000000000000, EFLAGS=0x0000000000010246

Top of Stack: (sp=0x00000000180cec08)
0x00000000180cec08:   00007ffee74a47f1 0000000000000000
0x00000000180cec18:   0000000000000000 0000000001723aa0
0x00000000180cec28:   000000006dedd679 000000001c5f9b30
0x00000000180cec38:   fffffffffffffffe 0000000000000000
0x00000000180cec48:   00007ffee74a9798 0000000000020616
0x00000000180cec58:   0000000000000000 000000001c5f9b30
0x00000000180cec68:   0000000000000000 0000000000000000
0x00000000180cec78:   00000000180cedb8 0000000000000000
0x00000000180cec88:   0000000080000000 0000000000000000
0x00000000180cec98:   0000000000000000 0000f5d2c757e04c
0x00000000180ceca8:   00007fff019ece9f 0000000000000000
0x00000000180cecb8:   00007fff019e00dc 0000000000000000
0x00000000180cecc8:   0000000000000000 0000000000000001
0x00000000180cecd8:   0000000000000000 00000000180ced98
0x00000000180cece8:   00007fff019ece3a 0000000100000000
0x00000000180cecf8:   0000000000000000 0000000000000000 

Instructions: (pc=0x0000000000000000)
0xffffffffffffffe0:   


Register to memory mapping:

RAX=0x000000001c5cfc30 is an unknown value
RBX=0x0000000000000000 is an unknown value
RCX=0x000000001c5eaa88 is an unknown value
RDX=0x000000001c5f9b30 is an unknown value
RSP=0x00000000180cec08 is pointing into the stack for thread: 0x000000001776b000
RBP=0x0000000000000400 is an unknown value
RSI=0x000000001c5f9b30 is an unknown value
RDI=0x000000001c5e9e18 is an unknown value
R8 =0x0000000000000000 is an unknown value
R9 =0x0000000000000000 is an unknown value
R10=0x0000000001718440 is an unknown value
R11=0x0000000000000246 is an unknown value
R12=0x0000000000000000 is an unknown value
R13=0x00007ffee74a9740 is an unknown value
R14=0x0000000000000000 is an unknown value
R15=0x0000000000000400 is an unknown value


Stack: [0x0000000017fd0000,0x00000000180d0000],  sp=0x00000000180cec08,  free space=1019k
Native frames: (J=compiled Java code, j=interpreted, Vv=VM code, C=native code)

Java frames: (J=compiled Java code, j=interpreted, Vv=VM code)
j  sun.awt.windows.WToolkit.eventLoop()V+0
j  sun.awt.windows.WToolkit.run()V+58
j  java.lang.Thread.run()V+11
v  ~StubRoutines::call_stub

---------------  P R O C E S S  ---------------

Java Threads: ( => current thread )
  0x000000001766b000 JavaThread "Thread-2" [_thread_blocked, id=3956, stack(0x0000000002dd0000,0x0000000002ed0000)]
  0x0000000017ac0000 JavaThread "TimerQueue" daemon [_thread_blocked, id=8496, stack(0x0000000019720000,0x0000000019820000)]
  0x0000000002c0e800 JavaThread "DestroyJavaVM" [_thread_blocked, id=4672, stack(0x0000000002ed0000,0x0000000002fd0000)]
  0x00000000177cb000 JavaThread "AWT-EventQueue-0" [_thread_blocked, id=8436, stack(0x0000000018190000,0x0000000018290000)]
=>0x000000001776b000 JavaThread "AWT-Windows" daemon [_thread_in_native, id=7056, stack(0x0000000017fd0000,0x00000000180d0000)]
  0x000000001776a000 JavaThread "AWT-Shutdown" [_thread_blocked, id=8300, stack(0x0000000017ed0000,0x0000000017fd0000)]
  0x0000000017765000 JavaThread "Java2D Disposer" daemon [_thread_blocked, id=5032, stack(0x0000000017dd0000,0x0000000017ed0000)]
  0x0000000016f1b000 JavaThread "Service Thread" daemon [_thread_blocked, id=2044, stack(0x00000000172f0000,0x00000000173f0000)]
  0x00000000155ba000 JavaThread "C1 CompilerThread2" daemon [_thread_blocked, id=196, stack(0x0000000016df0000,0x0000000016ef0000)]
  0x00000000155b3000 JavaThread "C2 CompilerThread1" daemon [_thread_blocked, id=3220, stack(0x0000000016cf0000,0x0000000016df0000)]
  0x00000000155ae800 JavaThread "C2 CompilerThread0" daemon [_thread_blocked, id=5396, stack(0x0000000016bf0000,0x0000000016cf0000)]
  0x00000000155ad800 JavaThread "Attach Listener" daemon [_thread_blocked, id=8924, stack(0x0000000016af0000,0x0000000016bf0000)]
  0x00000000155ac800 JavaThread "Signal Dispatcher" daemon [_thread_blocked, id=7380, stack(0x00000000169f0000,0x0000000016af0000)]
  0x000000001559a800 JavaThread "Finalizer" daemon [_thread_blocked, id=7240, stack(0x0000000016810000,0x0000000016910000)]
  0x00000000030c2000 JavaThread "Reference Handler" daemon [_thread_blocked, id=1792, stack(0x0000000016710000,0x0000000016810000)]

Other Threads:
  0x0000000015576800 VMThread [stack: 0x0000000016610000,0x0000000016710000] [id=8424]
  0x0000000016f40800 WatcherThread [stack: 0x00000000173f0000,0x00000000174f0000] [id=2668]

VM state:not at safepoint (normal execution)

VM Mutex/Monitor currently owned by a thread: None

Heap:
 PSYoungGen      total 36864K, used 8361K [0x00000000ebd00000, 0x00000000ef080000, 0x0000000100000000)
  eden space 32256K, 12% used [0x00000000ebd00000,0x00000000ec0d02f8,0x00000000edc80000)
  from space 4608K, 96% used [0x00000000edd80000,0x00000000ee1da170,0x00000000ee200000)
  to   space 10240K, 0% used [0x00000000ee680000,0x00000000ee680000,0x00000000ef080000)
 ParOldGen       total 44032K, used 30578K [0x00000000c3600000, 0x00000000c6100000, 0x00000000ebd00000)
  object space 44032K, 69% used [0x00000000c3600000,0x00000000c53dc890,0x00000000c6100000)
 Metaspace       used 36901K, capacity 37196K, committed 37544K, reserved 1083392K
  class space    used 4343K, capacity 4460K, committed 4528K, reserved 1048576K

Card table byte_map: [0x0000000012490000,0x0000000012680000] byte_map_base: 0x0000000011e75000

Marking Bits: (ParMarkBitMap*) 0x000000006e98a6c0
 Begin Bits: [0x0000000012bd0000, 0x0000000013af8000)
 End Bits:   [0x0000000013af8000, 0x0000000014a20000)

Polling page: 0x0000000002b40000

CodeCache: size=245760Kb used=16137Kb max_used=16319Kb free=229622Kb
 bounds [0x00000000030d0000, 0x00000000040e0000, 0x00000000120d0000]
 total_blobs=5728 nmethods=5001 adapters=636
 compilation: enabled

Compilation events (10 events):
Event: 969.422 Thread 0x00000000155ba000 nmethod 6005 0x000000000333ad10 code [0x000000000333ae60, 0x000000000333afd0]
Event: 969.435 Thread 0x00000000155ba000 6006       3       javax.swing.LayoutFocusTraversalPolicy::accept (96 bytes)
Event: 969.438 Thread 0x00000000155ba000 nmethod 6006 0x0000000003b53ed0 code [0x0000000003b54120, 0x0000000003b550a8]
Event: 969.438 Thread 0x00000000155ba000 6007       3       javax.swing.SortingFocusTraversalPolicy::accept (8 bytes)
Event: 969.439 Thread 0x00000000155ba000 nmethod 6007 0x000000000347a1d0 code [0x000000000347a340, 0x000000000347a548]
Event: 969.447 Thread 0x00000000155ba000 6008       3       java.awt.Component::isFocusTraversableOverridden (14 bytes)
Event: 969.448 Thread 0x00000000155ba000 nmethod 6008 0x00000000037f3e90 code [0x00000000037f3fe0, 0x00000000037f4190]
Event: 969.449 Thread 0x00000000155ba000 6009       3       javax.swing.GroupLayout$Group::calculateMaximumSize (7 bytes)
Event: 969.450 Thread 0x00000000155ae800 6010   !   4       javax.swing.text.FieldView::getPreferredSpan (156 bytes)
Event: 969.450 Thread 0x00000000155ba000 nmethod 6009 0x00000000037f3a50 code [0x00000000037f3bc0, 0x00000000037f3de8]

GC Heap History (10 events):
Event: 608.798 GC heap before
{Heap before GC invocations=17 (full 1):
 PSYoungGen      total 25088K, used 18110K [0x00000000ebd00000, 0x00000000ee800000, 0x0000000100000000)
  eden space 15872K, 100% used [0x00000000ebd00000,0x00000000ecc80000,0x00000000ecc80000)
  from space 9216K, 24% used [0x00000000ecc80000,0x00000000eceaf860,0x00000000ed580000)
  to   space 9216K, 0% used [0x00000000edf00000,0x00000000edf00000,0x00000000ee800000)
 ParOldGen       total 37376K, used 17182K [0x00000000c3600000, 0x00000000c5a80000, 0x00000000ebd00000)
  object space 37376K, 45% used [0x00000000c3600000,0x00000000c46c7828,0x00000000c5a80000)
 Metaspace       used 30511K, capacity 30744K, committed 31024K, reserved 1077248K
  class space    used 3700K, capacity 3811K, committed 3888K, reserved 1048576K
Event: 608.804 GC heap after
Heap after GC invocations=17 (full 1):
 PSYoungGen      total 33792K, used 2689K [0x00000000ebd00000, 0x00000000ee700000, 0x0000000100000000)
  eden space 25600K, 0% used [0x00000000ebd00000,0x00000000ebd00000,0x00000000ed600000)
  from space 8192K, 32% used [0x00000000edf00000,0x00000000ee1a0468,0x00000000ee700000)
  to   space 8704K, 0% used [0x00000000ed600000,0x00000000ed600000,0x00000000ede80000)
 ParOldGen       total 37376K, used 19284K [0x00000000c3600000, 0x00000000c5a80000, 0x00000000ebd00000)
  object space 37376K, 51% used [0x00000000c3600000,0x00000000c48d51e8,0x00000000c5a80000)
 Metaspace       used 30511K, capacity 30744K, committed 31024K, reserved 1077248K
  class space    used 3700K, capacity 3811K, committed 3888K, reserved 1048576K
}
Event: 609.621 GC heap before
{Heap before GC invocations=18 (full 1):
 PSYoungGen      total 33792K, used 22153K [0x00000000ebd00000, 0x00000000ee700000, 0x0000000100000000)
  eden space 25600K, 76% used [0x00000000ebd00000,0x00000000ed002098,0x00000000ed600000)
  from space 8192K, 32% used [0x00000000edf00000,0x00000000ee1a0468,0x00000000ee700000)
  to   space 8704K, 0% used [0x00000000ed600000,0x00000000ed600000,0x00000000ede80000)
 ParOldGen       total 37376K, used 19284K [0x00000000c3600000, 0x00000000c5a80000, 0x00000000ebd00000)
  object space 37376K, 51% used [0x00000000c3600000,0x00000000c48d51e8,0x00000000c5a80000)
 Metaspace       used 35029K, capacity 35252K, committed 35496K, reserved 1081344K
  class space    used 4151K, capacity 4264K, committed 4272K, reserved 1048576K
Event: 609.626 GC heap after
Heap after GC invocations=18 (full 1):
 PSYoungGen      total 34304K, used 3469K [0x00000000ebd00000, 0x00000000ef000000, 0x0000000100000000)
  eden space 25600K, 0% used [0x00000000ebd00000,0x00000000ebd00000,0x00000000ed600000)
  from space 8704K, 39% used [0x00000000ed600000,0x00000000ed963590,0x00000000ede80000)
  to   space 8192K, 0% used [0x00000000ee800000,0x00000000ee800000,0x00000000ef000000)
 ParOldGen       total 37376K, used 19714K [0x00000000c3600000, 0x00000000c5a80000, 0x00000000ebd00000)
  object space 37376K, 52% used [0x00000000c3600000,0x00000000c4940ac8,0x00000000c5a80000)
 Metaspace       used 35029K, capacity 35252K, committed 35496K, reserved 1081344K
  class space    used 4151K, capacity 4264K, committed 4272K, reserved 1048576K
}
Event: 609.626 GC heap before
{Heap before GC invocations=19 (full 2):
 PSYoungGen      total 34304K, used 3469K [0x00000000ebd00000, 0x00000000ef000000, 0x0000000100000000)
  eden space 25600K, 0% used [0x00000000ebd00000,0x00000000ebd00000,0x00000000ed600000)
  from space 8704K, 39% used [0x00000000ed600000,0x00000000ed963590,0x00000000ede80000)
  to   space 8192K, 0% used [0x00000000ee800000,0x00000000ee800000,0x00000000ef000000)
 ParOldGen       total 37376K, used 19714K [0x00000000c3600000, 0x00000000c5a80000, 0x00000000ebd00000)
  object space 37376K, 52% used [0x00000000c3600000,0x00000000c4940ac8,0x00000000c5a80000)
 Metaspace       used 35029K, capacity 35252K, committed 35496K, reserved 1081344K
  class space    used 4151K, capacity 4264K, committed 4272K, reserved 1048576K
Event: 609.787 GC heap after
Heap after GC invocations=19 (full 2):
 PSYoungGen      total 34304K, used 0K [0x00000000ebd00000, 0x00000000ef000000, 0x0000000100000000)
  eden space 25600K, 0% used [0x00000000ebd00000,0x00000000ebd00000,0x00000000ed600000)
  from space 8704K, 0% used [0x00000000ed600000,0x00000000ed600000,0x00000000ede80000)
  to   space 8192K, 0% used [0x00000000ee800000,0x00000000ee800000,0x00000000ef000000)
 ParOldGen       total 44032K, used 22093K [0x00000000c3600000, 0x00000000c6100000, 0x00000000ebd00000)
  object space 44032K, 50% used [0x00000000c3600000,0x00000000c4b93580,0x00000000c6100000)
 Metaspace       used 35029K, capacity 35252K, committed 35496K, reserved 1081344K
  class space    used 4151K, capacity 4264K, committed 4272K, reserved 1048576K
}
Event: 741.838 GC heap before
{Heap before GC invocations=20 (full 2):
 PSYoungGen      total 34304K, used 25600K [0x00000000ebd00000, 0x00000000ef000000, 0x0000000100000000)
  eden space 25600K, 100% used [0x00000000ebd00000,0x00000000ed600000,0x00000000ed600000)
  from space 8704K, 0% used [0x00000000ed600000,0x00000000ed600000,0x00000000ede80000)
  to   space 8192K, 0% used [0x00000000ee800000,0x00000000ee800000,0x00000000ef000000)
 ParOldGen       total 44032K, used 22093K [0x00000000c3600000, 0x00000000c6100000, 0x00000000ebd00000)
  object space 44032K, 50% used [0x00000000c3600000,0x00000000c4b93580,0x00000000c6100000)
 Metaspace       used 36179K, capacity 36410K, committed 36648K, reserved 1081344K
  class space    used 4285K, capacity 4393K, committed 4400K, reserved 1048576K
Event: 741.854 GC heap after
Heap after GC invocations=20 (full 2):
 PSYoungGen      total 41472K, used 8189K [0x00000000ebd00000, 0x00000000ef500000, 0x0000000100000000)
  eden space 33280K, 0% used [0x00000000ebd00000,0x00000000ebd00000,0x00000000edd80000)
  from space 8192K, 99% used [0x00000000ee800000,0x00000000eefff738,0x00000000ef000000)
  to   space 10752K, 0% used [0x00000000edd80000,0x00000000edd80000,0x00000000ee800000)
 ParOldGen       total 44032K, used 24785K [0x00000000c3600000, 0x00000000c6100000, 0x00000000ebd00000)
  object space 44032K, 56% used [0x00000000c3600000,0x00000000c4e347c8,0x00000000c6100000)
 Metaspace       used 36179K, capacity 36410K, committed 36648K, reserved 1081344K
  class space    used 4285K, capacity 4393K, committed 4400K, reserved 1048576K
}
Event: 956.428 GC heap before
{Heap before GC invocations=21 (full 2):
 PSYoungGen      total 41472K, used 41469K [0x00000000ebd00000, 0x00000000ef500000, 0x0000000100000000)
  eden space 33280K, 100% used [0x00000000ebd00000,0x00000000edd80000,0x00000000edd80000)
  from space 8192K, 99% used [0x00000000ee800000,0x00000000eefff738,0x00000000ef000000)
  to   space 10752K, 0% used [0x00000000edd80000,0x00000000edd80000,0x00000000ee800000)
 ParOldGen       total 44032K, used 24785K [0x00000000c3600000, 0x00000000c6100000, 0x00000000ebd00000)
  object space 44032K, 56% used [0x00000000c3600000,0x00000000c4e347c8,0x00000000c6100000)
 Metaspace       used 36857K, capacity 37184K, committed 37544K, reserved 1083392K
  class space    used 4341K, capacity 4458K, committed 4528K, reserved 1048576K
Event: 956.441 GC heap after
Heap after GC invocations=21 (full 2):
 PSYoungGen      total 36864K, used 4456K [0x00000000ebd00000, 0x00000000ef080000, 0x0000000100000000)
  eden space 32256K, 0% used [0x00000000ebd00000,0x00000000ebd00000,0x00000000edc80000)
  from space 4608K, 96% used [0x00000000edd80000,0x00000000ee1da170,0x00000000ee200000)
  to   space 10240K, 0% used [0x00000000ee680000,0x00000000ee680000,0x00000000ef080000)
 ParOldGen       total 44032K, used 30578K [0x00000000c3600000, 0x00000000c6100000, 0x00000000ebd00000)
  object space 44032K, 69% used [0x00000000c3600000,0x00000000c53dc890,0x00000000c6100000)
 Metaspace       used 36857K, capacity 37184K, committed 37544K, reserved 1083392K
  class space    used 4341K, capacity 4458K, committed 4528K, reserved 1048576K
}

Deoptimization events (10 events):
Event: 933.360 Thread 0x00000000177cb000 Uncommon trap: reason=unstable_if action=reinterpret pc=0x0000000003bcf994 method=sun.java2d.SunGraphics2D.setComposite(Ljava/awt/Composite;)V @ 175
Event: 935.330 Thread 0x00000000177cb000 Uncommon trap: reason=class_check action=maybe_recompile pc=0x0000000004002040 method=javax.swing.text.View.getDocument()Ljavax/swing/text/Document; @ 4
Event: 935.330 Thread 0x00000000177cb000 Uncommon trap: reason=class_check action=maybe_recompile pc=0x0000000004002040 method=javax.swing.text.View.getDocument()Ljavax/swing/text/Document; @ 4
Event: 935.330 Thread 0x00000000177cb000 Uncommon trap: reason=class_check action=maybe_recompile pc=0x0000000004002040 method=javax.swing.text.View.getDocument()Ljavax/swing/text/Document; @ 4
Event: 935.330 Thread 0x00000000177cb000 Uncommon trap: reason=unstable_if action=reinterpret pc=0x0000000003f3e320 method=sun.font.CMap.getControlCodeGlyph(IZ)I @ 3
Event: 935.336 Thread 0x00000000177cb000 Uncommon trap: reason=class_check action=maybe_recompile pc=0x0000000004002040 method=javax.swing.text.View.getDocument()Ljavax/swing/text/Document; @ 4
Event: 935.341 Thread 0x00000000177cb000 Uncommon trap: reason=unstable_if action=reinterpret pc=0x000000000407f6dc method=sun.font.FontDesignMetrics.charsWidth([CII)I @ 113
Event: 936.536 Thread 0x00000000177cb000 Uncommon trap: reason=unstable_if action=reinterpret pc=0x0000000003b424c4 method=sun.font.CMap.getControlCodeGlyph(IZ)I @ 3
Event: 942.606 Thread 0x00000000177cb000 Uncommon trap: reason=unstable_if action=reinterpret pc=0x0000000003711c18 method=java.util.concurrent.locks.AbstractQueuedSynchronizer.findNodeFromTail(Ljava/util/concurrent/locks/AbstractQueuedSynchronizer$Node;)Z @ 7
Event: 959.942 Thread 0x00000000177cb000 Uncommon trap: reason=unstable_if action=reinterpret pc=0x00000000032f351c method=sun.nio.cs.UTF_8$Encoder.encode([CII[B)I @ 33

Internal exceptions (10 events):
Event: 609.574 Thread 0x00000000177cb000 Implicit null exception at 0x00000000031e9ca2 to 0x00000000031e9f0d
Event: 609.791 Thread 0x000000001559a800 Exception <a 'java/net/SocketException': Socket closed> (0x00000000ebd7e110) thrown at [C:\re\workspace\8-2-build-windows-amd64-cygwin\jdk8u111\7883\hotspot\src\share\vm\prims\jni.cpp, line 735]
Event: 609.791 Thread 0x000000001559a800 Exception <a 'java/lang/reflect/InvocationTargetException'> (0x00000000ebd80d30) thrown at [C:\re\workspace\8-2-build-windows-amd64-cygwin\jdk8u111\7883\hotspot\src\share\vm\runtime\reflection.cpp, line 1092]
Event: 609.791 Thread 0x000000001559a800 Exception <a 'java/net/SocketException': Socket closed> (0x00000000ebd80f88) thrown at [C:\re\workspace\8-2-build-windows-amd64-cygwin\jdk8u111\7883\hotspot\src\share\vm\prims\jni.cpp, line 735]
Event: 610.010 Thread 0x00000000177cb000 Exception <a 'java/io/FileNotFoundException'> (0x00000000ec0f5c38) thrown at [C:\re\workspace\8-2-build-windows-amd64-cygwin\jdk8u111\7883\hotspot\src\share\vm\prims\jni.cpp, line 709]
Event: 721.641 Thread 0x00000000177cb000 Implicit null exception at 0x0000000003beae56 to 0x0000000003bec731
Event: 927.111 Thread 0x00000000177cb000 Implicit null exception at 0x000000000406b70b to 0x000000000406da05
Event: 956.449 Thread 0x000000001559a800 Exception <a 'java/net/SocketException': Socket closed> (0x00000000ebd99b98) thrown at [C:\re\workspace\8-2-build-windows-amd64-cygwin\jdk8u111\7883\hotspot\src\share\vm\prims\jni.cpp, line 735]
Event: 956.449 Thread 0x000000001559a800 Exception <a 'java/lang/reflect/InvocationTargetException'> (0x00000000ebd9c7b0) thrown at [C:\re\workspace\8-2-build-windows-amd64-cygwin\jdk8u111\7883\hotspot\src\share\vm\runtime\reflection.cpp, line 1092]
Event: 956.449 Thread 0x000000001559a800 Exception <a 'java/net/SocketException': Socket closed> (0x00000000ebd9ca08) thrown at [C:\re\workspace\8-2-build-windows-amd64-cygwin\jdk8u111\7883\hotspot\src\share\vm\prims\jni.cpp, line 735]

Events (10 events):
Event: 969.157 Executing VM operation: BulkRevokeBias
Event: 969.157 Executing VM operation: BulkRevokeBias done
Event: 969.159 Executing VM operation: BulkRevokeBias
Event: 969.159 Executing VM operation: BulkRevokeBias done
Event: 969.324 Executing VM operation: RevokeBias
Event: 969.324 Executing VM operation: RevokeBias done
Event: 969.330 Executing VM operation: BulkRevokeBias
Event: 969.330 Executing VM operation: BulkRevokeBias done
Event: 969.332 Executing VM operation: BulkRevokeBias
Event: 969.333 Executing VM operation: BulkRevokeBias done


Dynamic libraries:
0x00007ff7a9110000 - 0x00007ff7a9147000 	C:\Program Files\Java\jdk1.8.0_111\bin\java.exe
0x00007fff03d30000 - 0x00007fff03ef2000 	C:\Windows\SYSTEM32\ntdll.dll
0x00007fff01920000 - 0x00007fff019cd000 	C:\Windows\system32\KERNEL32.DLL
0x00007fff00ff0000 - 0x00007fff011cd000 	C:\Windows\system32\KERNELBASE.dll
0x00007fff03c20000 - 0x00007fff03cc6000 	C:\Windows\system32\ADVAPI32.dll
0x00007fff03b20000 - 0x00007fff03bbd000 	C:\Windows\system32\msvcrt.dll
0x00007fff03350000 - 0x00007fff033ab000 	C:\Windows\system32\sechost.dll
0x00007fff035f0000 - 0x00007fff03716000 	C:\Windows\system32\RPCRT4.dll
0x00007fff019d0000 - 0x00007fff01b1e000 	C:\Windows\system32\USER32.dll
0x00007fff014c0000 - 0x00007fff01645000 	C:\Windows\system32\GDI32.dll
0x00007ffef39e0000 - 0x00007ffef3c54000 	C:\Windows\WinSxS\amd64_microsoft.windows.common-controls_6595b64144ccf1df_6.0.10240.16384_none_f41f7b285750ef43\COMCTL32.dll
0x00007fff037e0000 - 0x00007fff03816000 	C:\Windows\system32\IMM32.DLL
0x00007fff01660000 - 0x00007fff017bc000 	C:\Windows\system32\MSCTF.dll
0x000000006e090000 - 0x000000006e162000 	C:\Program Files\Java\jdk1.8.0_111\jre\bin\msvcr100.dll
0x000000006e170000 - 0x000000006ea0a000 	C:\Program Files\Java\jdk1.8.0_111\jre\bin\server\jvm.dll
0x00007fff03340000 - 0x00007fff03348000 	C:\Windows\system32\PSAPI.DLL
0x00007ffef8100000 - 0x00007ffef8109000 	C:\Windows\SYSTEM32\WSOCK32.dll
0x00007fff032d0000 - 0x00007fff03339000 	C:\Windows\system32\WS2_32.dll
0x00007ffeedd80000 - 0x00007ffeedda3000 	C:\Windows\SYSTEM32\WINMM.dll
0x00007fff01650000 - 0x00007fff01658000 	C:\Windows\system32\NSI.dll
0x00007ffef7b80000 - 0x00007ffef7b8a000 	C:\Windows\SYSTEM32\VERSION.dll
0x0000000002b70000 - 0x0000000002b9c000 	C:\Windows\SYSTEM32\WINMMBASE.dll
0x00007fff00970000 - 0x00007fff009b4000 	C:\Windows\system32\cfgmgr32.dll
0x00007ffeff0d0000 - 0x00007ffeff0f7000 	C:\Windows\SYSTEM32\DEVOBJ.dll
0x000000006e040000 - 0x000000006e04f000 	C:\Program Files\Java\jdk1.8.0_111\jre\bin\verify.dll
0x000000006e010000 - 0x000000006e039000 	C:\Program Files\Java\jdk1.8.0_111\jre\bin\java.dll
0x000000006dff0000 - 0x000000006e006000 	C:\Program Files\Java\jdk1.8.0_111\jre\bin\zip.dll
0x00007fff01da0000 - 0x00007fff032c5000 	C:\Windows\system32\SHELL32.dll
0x00007fff009c0000 - 0x00007fff00fe8000 	C:\Windows\system32\windows.storage.dll
0x00007fff01b20000 - 0x00007fff01d9c000 	C:\Windows\system32\combase.dll
0x00007fff03bc0000 - 0x00007fff03c11000 	C:\Windows\system32\shlwapi.dll
0x00007fff007f0000 - 0x00007fff007ff000 	C:\Windows\system32\kernel.appcore.dll
0x00007fff008b0000 - 0x00007fff00963000 	C:\Windows\system32\shcore.dll
0x00007fff00780000 - 0x00007fff007ca000 	C:\Windows\system32\powrprof.dll
0x00007fff00760000 - 0x00007fff00773000 	C:\Windows\system32\profapi.dll
0x000000006de10000 - 0x000000006dfa8000 	C:\Program Files\Java\jdk1.8.0_111\jre\bin\awt.dll
0x00007fff01400000 - 0x00007fff014be000 	C:\Windows\system32\OLEAUT32.dll
0x00007ffefeeb0000 - 0x00007ffefef28000 	C:\Windows\system32\apphelp.dll
0x00007ffeff030000 - 0x00007ffeff0c6000 	C:\Windows\system32\uxtheme.dll
0x00007ffefe800000 - 0x00007ffefe822000 	C:\Windows\system32\dwmapi.dll
0x00007fff039d0000 - 0x00007fff03b11000 	C:\Windows\system32\ole32.dll
0x00007fff00580000 - 0x00007fff005eb000 	C:\Windows\SYSTEM32\bcryptPrimitives.dll
0x000000006ddc0000 - 0x000000006de07000 	C:\Program Files\Java\jdk1.8.0_111\jre\bin\fontmanager.dll
0x000000006dcb0000 - 0x000000006dce1000 	C:\Program Files\Java\jdk1.8.0_111\jre\bin\jpeg.dll
0x000000006dfd0000 - 0x000000006dfea000 	C:\Program Files\Java\jdk1.8.0_111\jre\bin\net.dll
0x00007ffefffd0000 - 0x00007fff0002d000 	C:\Windows\system32\mswsock.dll
0x00007ffeffd70000 - 0x00007ffeffe18000 	C:\Windows\SYSTEM32\DNSAPI.dll
0x00007ffef89f0000 - 0x00007ffef89fa000 	C:\Windows\System32\rasadhlp.dll
0x00007ffef9be0000 - 0x00007ffef9c48000 	C:\Windows\System32\fwpuclnt.dll
0x00007fff00690000 - 0x00007fff006b8000 	C:\Windows\SYSTEM32\bcrypt.dll
0x00007fff03720000 - 0x00007fff037c5000 	C:\Windows\system32\clbcatq.dll
0x00007ffef9700000 - 0x00007ffef98b2000 	C:\Windows\SYSTEM32\WindowsCodecs.dll
0x00007fff00030000 - 0x00007fff00047000 	C:\Windows\SYSTEM32\cryptsp.dll
0x00007ffeffc80000 - 0x00007ffeffcb3000 	C:\Windows\system32\rsaenh.dll
0x00007fff001a0000 - 0x00007fff001ab000 	C:\Windows\SYSTEM32\CRYPTBASE.dll
0x00007ffef3470000 - 0x00007ffef34b6000 	C:\Windows\system32\dataexchange.dll
0x00007ffef5c10000 - 0x00007ffef6155000 	C:\Windows\system32\d2d1.dll
0x00007ffefebc0000 - 0x00007ffefec91000 	C:\Windows\system32\dcomp.dll
0x00007ffefe540000 - 0x00007ffefe7e3000 	C:\Windows\system32\d3d11.dll
0x00007ffefe430000 - 0x00007ffefe4cc000 	C:\Windows\system32\dxgi.dll
0x00007ffeff120000 - 0x00007ffeff20e000 	C:\Windows\system32\twinapi.appcore.dll
0x00007ffeffe20000 - 0x00007ffeffe3f000 	C:\Windows\system32\USERENV.dll
0x000000006dfb0000 - 0x000000006dfc1000 	C:\Program Files\Java\jdk1.8.0_111\jre\bin\nio.dll
0x000000006dd70000 - 0x000000006ddb2000 	C:\Program Files\Java\jdk1.8.0_111\jre\bin\t2k.dll
0x000000006dd00000 - 0x000000006dd2a000 	C:\Program Files\Java\jdk1.8.0_111\jre\bin\dcpr.dll
0x00007ffefa460000 - 0x00007ffefa498000 	C:\Windows\SYSTEM32\IPHLPAPI.DLL
0x00007ffefa450000 - 0x00007ffefa45b000 	C:\Windows\SYSTEM32\WINNSI.DLL
0x00007ffef9bb0000 - 0x00007ffef9bc6000 	C:\Windows\SYSTEM32\dhcpcsvc6.DLL
0x00007ffef9cc0000 - 0x00007ffef9cda000 	C:\Windows\SYSTEM32\dhcpcsvc.DLL
0x00007ffefea90000 - 0x00007ffefeaec000 	C:\Windows\system32\Ninput.dll
0x00007ffee7410000 - 0x00007ffee7529000 	C:\Windows\system32\GoogleInputTools.ime
0x00007ffefc470000 - 0x00007ffefc5fa000 	C:\Windows\system32\dbghelp.dll
0x00007ffefe920000 - 0x00007ffefe927000 	C:\Windows\system32\MSIMG32.dll
0x00007ffee9630000 - 0x00007ffee97d9000 	C:\Windows\WinSxS\amd64_microsoft.windows.gdiplus_6595b64144ccf1df_1.1.10240.16384_none_89a94c179af51f83\gdiplus.dll
0x00007ffeed690000 - 0x00007ffeed6b5000 	C:\Windows\system32\dbgcore.DLL
0x00007ffeffb00000 - 0x00007ffeffb32000 	C:\Windows\SYSTEM32\ntmarta.dll

VM Arguments:
jvm_args: -Dfile.encoding=UTF-8 
java_command: Login
java_class_path (initial): C:\Users\DELL\Documents\NetBeansProjects\Data Entry\dist\lib\jcalendar-1.4.jar;C:\Users\DELL\Documents\NetBeansProjects\Data Entry\dist\lib\mysql-connector-java-5.1.18-bin.jar;C:\Users\DELL\Documents\NetBeansProjects\Data Entry\dist\lib\rs2xml.jar;C:\Program Files\NetBeans 8.0.2\java\modules\ext\AbsoluteLayout.jar;C:\Users\DELL\Desktop\jar_files\aopalliance-1.0.jar;C:\Users\DELL\Desktop\jar_files\bcmail-jdk14-1.38.jar;C:\Users\DELL\Desktop\jar_files\bcmail-jdk14-138.jar;C:\Users\DELL\Desktop\jar_files\bcprov-jdk14-1.38.jar;C:\Users\DELL\Desktop\jar_files\bcprov-jdk14-138.jar;C:\Users\DELL\Desktop\jar_files\bctsp-jdk14-1.38.jar;C:\Users\DELL\Desktop\jar_files\castor-core-1.3.3.jar;C:\Users\DELL\Desktop\jar_files\castor-xml-1.3.3.jar;C:\Users\DELL\Desktop\jar_files\commons-beanutils-1.9.0.jar;C:\Users\DELL\Desktop\jar_files\commons-collections-3.2.2.jar;C:\Users\DELL\Desktop\jar_files\commons-digester-2.1.jar;C:\Users\DELL\Desktop\jar_files\commons-lang-2.6.jar;C:\Users\DELL\Desktop\jar_files\commons-logging-1.1.1.jar;C:\Users\DELL\Desktop\jar_files\core-2.3.0.jar;C:\Users\DELL\Desktop\jar_files\ecj-4.3.1.jar;C:\Users\DELL\Desktop\jar_files\icu4j-57.1.jar;C:\Users\DELL\Desktop\jar_files\itext-2.1.7.js5.jar;C:\Users\DELL\Desktop\jar_files\jackson-annotations-2.1.4.jar;C:\Users\DELL\Desktop\jar_files\jackson-core-2.1.4.jar;C:\Users\DELL\Desktop\jar_files\jackson-databind-2.1.4.jar;C:\Users\DELL\Desktop\jar_files\jakarta-regexp-1.4.jar;C:\Users\DELL\Desktop\jar_files\jasperreports-6.3.0.jar;C:\Users\DELL\Desktop\jar_files\javax.inject-1.jar;C:\Users\DELL\Desktop\jar_files\jcommon-1.0.23.jar;C:\Users\DELL\Desktop\jar_files\jfreechart-1.0.19.jar;C:\Users\DELL\Desktop\jar_files\lucene-analyzers-common-4.5.1.jar;C:\Users\DELL\Desktop\jar_files\lucene-core-4.5.1.jar;C:\Users\DELL\Desktop\jar_files\lucene-queries-4.5.1.jar;C:\Users\DELL\Desktop\jar_files\lucene-queryparser-4.5.1.jar;C:\Users\DELL\Desktop\jar_files\lucene-sandbox-4.5.1.jar;C:\Users\
Launcher Type: SUN_STANDARD

Environment Variables:
PATH=C:\ProgramData\Oracle\Java\javapath;C:\Windows\system32;C:\Windows;C:\Windows\System32\Wbem;C:\Windows\System32\WindowsPowerShell\v1.0\;C:\xampp\php;C:\Program Files\Git\cmd;C:\Program Files (x86)\Windows Live\Shared;C:\composer;C:\flutter\bin;C:\Users\DELL\AppData\Roaming\Composer\vendor\bin
USERNAME=DELL
OS=Windows_NT
PROCESSOR_IDENTIFIER=Intel64 Family 6 Model 142 Stepping 9, GenuineIntel



---------------  S Y S T E M  ---------------

OS: Windows 10.0 , 64 bit Build 10240 (10.0.10240.16384)

CPU:total 4 (2 cores per cpu, 2 threads per core) family 6 model 142 stepping 9, cmov, cx8, fxsr, mmx, sse, sse2, sse3, ssse3, sse4.1, sse4.2, popcnt, avx, avx2, aes, clmul, erms, 3dnowpref, lzcnt, ht, tsc, tscinvbit, bmi1, bmi2, adx

Memory: 4k page, physical 3967100k(1073612k free), swap 5972740k(2142784k free)

vm_info: Java HotSpot(TM) 64-Bit Server VM (25.111-b14) for windows-amd64 JRE (1.8.0_111-b14), built on Sep 22 2016 19:24:05 by "java_re" with MS VC++ 10.0 (VS2010)

time: Sun Jan 17 14:31:37 2021
elapsed time: 969 seconds (0d 0h 16m 9s)

